Building DAG of jobs...
Using shell: /bin/bash
Provided cluster nodes: 999
Job counts:
	count	jobs
	2	GC_bias
	1	align
	1	align_spike
	1	all
	1	bam2bigwig
	1	bam2bigwig_spike
	2	call_peaks
	2	fastqc
	2	flagstat_bam
	2	merge_fastqs
	1	multiQC
	2	peakAnnot
	2	phantom_peak_qual
	2	sortIndex_bam
	22

[Wed Aug 29 14:45:49 2018]
Job 20: merging fastq files /hpcnfs/scratch/DP/dfernand/Test3/fastq-test/K27me3/*.fastq.gz into fastq/E14-K27me3.fastq

Submitted job 20 with external jobid '36257.hpcfe01'.

[Wed Aug 29 14:45:50 2018]
Job 21: merging fastq files /hpcnfs/scratch/DP/dfernand/Test3/fastq-test/Ring1b/*.fastq.gz into fastq/E14-Ring1b.fastq

Submitted job 21 with external jobid '36258.hpcfe01'.
[Wed Aug 29 14:46:30 2018]
Finished job 20.
1 of 22 steps (5%) done

[Wed Aug 29 14:46:30 2018]
Job 18: Aligning fastq/E14-K27me3.fastq with parameters --chunkmbs 1024 -m 1 --best /hpcnfs/techunits/bioinformatics/db/bowtie/mm9/mm9

    [Wed Aug 29 14:46:30 2018]
    Error in rule merge_fastqs:
        jobid: 21
        output: fastq/E14-Ring1b.fastq
        log: 00log/E14-Ring1b_unzip
        cluster_jobid: 36258.hpcfe01

Submitted job 18 with external jobid '36259.hpcfe01'.

[Wed Aug 29 14:46:30 2018]
Job 4: Running fastqc for fastq/E14-K27me3.fastq

Submitted job 4 with external jobid '36260.hpcfe01'.
[Wed Aug 29 14:47:00 2018]
Finished job 4.
2 of 22 steps (9%) done
    [Wed Aug 29 14:50:30 2018]
    Error in rule align_spike:
        jobid: 18
        output: 02aln/E14-K27me3.bam, 02aln_dm6/E14-K27me3_dm6.bam
        log: 00log/E14-K27me3.markdup, 00log/E14-K27me3.align, 00log/E14-K27me3.dm6_align
        cluster_jobid: 36259.hpcfe01

Shutting down, this might take some time.
Exiting because a job execution failed. Look above for error message
Complete log: /hpcnfs/scratch/DP/dfernand/Test3/ChIPseq-snakemake/.snakemake/log/2018-08-29T144549.803787.snakemake.log
