Building DAG of jobs...
Using shell: /bin/bash
Provided cluster nodes: 999
Job counts:
	count	jobs
	2	GC_bias
	2	align_spike
	1	all
	2	bam2bigwig_spike
	2	call_peaks
	2	fastqc
	2	flagstat_bam
	2	merge_fastqs
	1	multiQC
	2	peakAnnot
	2	phantom_peak_qual
	2	sortIndex_bam
	22

[Wed Aug 29 16:43:42 2018]
Job 18: merging fastq files /hpcnfs/scratch/DP/dfernand/Test3/fastq-test/Ring1b/*.fastq.gz into fastq/E14-Ring1b.fastq

Submitted job 18 with external jobid '36298.hpcfe01'.

[Wed Aug 29 16:43:42 2018]
Job 21: merging fastq files /hpcnfs/scratch/DP/dfernand/Test3/fastq-test/K27me3/*.fastq.gz into fastq/E14-K27me3.fastq

Submitted job 21 with external jobid '36299.hpcfe01'.
[Wed Aug 29 16:44:12 2018]
Finished job 18.
1 of 22 steps (5%) done

[Wed Aug 29 16:44:12 2018]
Job 1: Running fastqc for fastq/E14-Ring1b.fastq

[Wed Aug 29 16:44:12 2018]
Finished job 21.
2 of 22 steps (9%) done
Submitted job 1 with external jobid '36300.hpcfe01'.

[Wed Aug 29 16:44:12 2018]
Job 19: Aligning fastq/E14-Ring1b.fastq with parameters --chunkmbs 1024 -m 1 --best /hpcnfs/techunits/bioinformatics/db/bowtie/mm9/mm9

Submitted job 19 with external jobid '36301.hpcfe01'.

[Wed Aug 29 16:44:12 2018]
Job 20: Aligning fastq/E14-K27me3.fastq with parameters --chunkmbs 1024 -m 1 --best /hpcnfs/techunits/bioinformatics/db/bowtie/mm9/mm9

Submitted job 20 with external jobid '36302.hpcfe01'.

[Wed Aug 29 16:44:12 2018]
Job 6: Running fastqc for fastq/E14-K27me3.fastq

Submitted job 6 with external jobid '36303.hpcfe01'.
[Wed Aug 29 16:44:42 2018]
Finished job 1.
3 of 22 steps (14%) done
[Wed Aug 29 16:48:22 2018]
Finished job 6.
4 of 22 steps (18%) done
    [Wed Aug 29 16:49:53 2018]
    Error in rule align_spike:
        jobid: 19
        output: 02aln/E14-Ring1b.bam, 02aln_dm6/E14-Ring1b_dm6.bam
        log: 00log/E14-Ring1b.align, 00log/E14-Ring1b.dm_align, 00log/E14-Ring1b.markdup
        cluster_jobid: 36301.hpcfe01

    [Wed Aug 29 16:53:33 2018]
    Error in rule align_spike:
        jobid: 20
        output: 02aln/E14-K27me3.bam, 02aln_dm6/E14-K27me3_dm6.bam
        log: 00log/E14-K27me3.align, 00log/E14-K27me3.dm_align, 00log/E14-K27me3.markdup
        cluster_jobid: 36302.hpcfe01

Shutting down, this might take some time.
Exiting because a job execution failed. Look above for error message
Complete log: /hpcnfs/scratch/DP/dfernand/Test3/ChIPseq-snakemake/.snakemake/log/2018-08-29T164342.266752.snakemake.log
