Building DAG of jobs...
Using shell: /bin/bash
Provided cluster nodes: 999
Job counts:
	count	jobs
	2	GC_bias
	1	align
	1	align_spike
	1	all
	1	bam2bigwig
	1	bam2bigwig_spike
	2	call_peaks
	1	fastqc
	2	flagstat_bam
	1	merge_fastqs
	1	multiQC
	2	peakAnnot
	2	phantom_peak_qual
	2	sortIndex_bam
	20

[Wed Aug 29 15:01:03 2018]
Job 21: merging fastq files /hpcnfs/scratch/DP/dfernand/Test3/fastq-test/Ring1b/*.fastq.gz into fastq/E14-Ring1b.fastq

Submitted job 21 with external jobid '36262.hpcfe01'.

[Wed Aug 29 15:01:04 2018]
Job 20: Aligning fastq/E14-K27me3.fastq with parameters --chunkmbs 1024 -m 1 --best /hpcnfs/techunits/bioinformatics/db/bowtie/mm9/mm9

Submitted job 20 with external jobid '36263.hpcfe01'.
[Wed Aug 29 15:01:33 2018]
Finished job 21.
1 of 20 steps (5%) done

[Wed Aug 29 15:01:33 2018]
Job 19: Aligning fastq/E14-Ring1b.fastq with parameters --chunkmbs 1024 -m 1 --best /hpcnfs/techunits/bioinformatics/db/bowtie/mm9/mm9

Submitted job 19 with external jobid '36264.hpcfe01'.

[Wed Aug 29 15:01:34 2018]
Job 17: Running fastqc for fastq/E14-Ring1b.fastq

Submitted job 17 with external jobid '36265.hpcfe01'.
[Wed Aug 29 15:02:04 2018]
Finished job 17.
2 of 20 steps (10%) done
    [Wed Aug 29 15:06:34 2018]
    Error in rule align_spike:
        jobid: 20
        output: 02aln/E14-K27me3.bam, 02aln_dm6/E14-K27me3_dm6.bam
        log: 00log/E14-K27me3.align, 00log/E14-K27me3.dm6_align, 00log/E14-K27me3.markdup
        cluster_jobid: 36263.hpcfe01

