Building DAG of jobs...
Using shell: /bin/bash
Provided cluster nodes: 999
Job counts:
	count	jobs
	2	GC_bias
	1	align
	1	align_spike
	1	all
	1	bam2bigwig
	1	bam2bigwig_spike
	2	call_peaks
	2	fastqc
	2	flagstat_bam
	2	merge_fastqs
	1	multiQC
	2	peakAnnot
	2	phantom_peak_qual
	2	sortIndex_bam
	22

[Wed Aug 29 17:23:00 2018]
Job 21: merging fastq files /hpcnfs/scratch/DP/dfernand/Test3/fastq-test/K27me3/*.fastq.gz into fastq/E14-K27me3.fastq

Submitted job 21 with external jobid '36304.hpcfe01'.

[Wed Aug 29 17:23:01 2018]
Job 20: merging fastq files /hpcnfs/scratch/DP/dfernand/Test3/fastq-test/Ring1b/*.fastq.gz into fastq/E14-Ring1b.fastq

Submitted job 20 with external jobid '36305.hpcfe01'.
[Wed Aug 29 17:23:31 2018]
Finished job 21.
1 of 22 steps (5%) done

[Wed Aug 29 17:23:31 2018]
Job 18: Aligning fastq/E14-K27me3.fastq with parameters --chunkmbs 1024 -m 1 --best /hpcnfs/techunits/bioinformatics/db/bowtie/mm9/mm9

[Wed Aug 29 17:23:31 2018]
Finished job 20.
2 of 22 steps (9%) done
Submitted job 18 with external jobid '36306.hpcfe01'.

[Wed Aug 29 17:23:31 2018]
Job 16: Running fastqc for fastq/E14-K27me3.fastq

Submitted job 16 with external jobid '36307.hpcfe01'.

[Wed Aug 29 17:23:31 2018]
Job 19: Aligning fastq/E14-Ring1b.fastq with parameters --chunkmbs 1024 -m 1 --best /hpcnfs/techunits/bioinformatics/db/bowtie/mm9/mm9

Submitted job 19 with external jobid '36308.hpcfe01'.

[Wed Aug 29 17:23:31 2018]
Job 9: Running fastqc for fastq/E14-Ring1b.fastq

Submitted job 9 with external jobid '36309.hpcfe01'.
Waiting at most 120 seconds for missing files.
[Wed Aug 29 17:24:02 2018]
Finished job 16.
3 of 22 steps (14%) done
[Wed Aug 29 17:24:02 2018]
Finished job 9.
4 of 22 steps (18%) done
    [Wed Aug 29 17:27:32 2018]
    Error in rule align_spike:
        jobid: 18
        output: 02aln/E14-K27me3.bam, 02aln_dm6/E14-K27me3_dm6.bam
        log: 00log/E14-K27me3.align, 00log/E14-K27me3.dm_align, 00log/E14-K27me3.markdup
        cluster_jobid: 36306.hpcfe01

