Building DAG of jobs...
Using shell: /bin/bash
Provided cluster nodes: 999
Job counts:
	count	jobs
	2	GC_bias
	1	align
	1	align_spike
	1	all
	1	bam2bigwig
	1	bam2bigwig_spike
	2	call_peaks
	2	fastqc
	2	flagstat_bam
	2	merge_fastqs
	1	multiQC
	2	peakAnnot
	2	phantom_peak_qual
	2	sortIndex_bam
	22

[Wed Aug 29 15:52:19 2018]
Job 21: merging fastq files /hpcnfs/scratch/DP/dfernand/Test3/fastq-test/Ring1b/*.fastq.gz into fastq/E14-Ring1b.fastq

Submitted job 21 with external jobid '36275.hpcfe01'.

[Wed Aug 29 15:52:19 2018]
Job 19: merging fastq files /hpcnfs/scratch/DP/dfernand/Test3/fastq-test/K27me3/*.fastq.gz into fastq/E14-K27me3.fastq

Submitted job 19 with external jobid '36276.hpcfe01'.
[Wed Aug 29 15:52:49 2018]
Finished job 21.
1 of 22 steps (5%) done

[Wed Aug 29 15:52:49 2018]
Job 20: Aligning fastq/E14-Ring1b.fastq with parameters --chunkmbs 1024 -m 1 --best /hpcnfs/techunits/bioinformatics/db/bowtie/mm9/mm9

[Wed Aug 29 15:52:49 2018]
Finished job 19.
2 of 22 steps (9%) done
Submitted job 20 with external jobid '36277.hpcfe01'.

[Wed Aug 29 15:52:49 2018]
Job 9: Running fastqc for fastq/E14-Ring1b.fastq

Submitted job 9 with external jobid '36278.hpcfe01'.

[Wed Aug 29 15:52:50 2018]
Job 18: Aligning fastq/E14-K27me3.fastq with parameters --chunkmbs 1024 -m 1 --best /hpcnfs/techunits/bioinformatics/db/bowtie/mm9/mm9

Submitted job 18 with external jobid '36279.hpcfe01'.

[Wed Aug 29 15:52:50 2018]
Job 6: Running fastqc for fastq/E14-K27me3.fastq

Submitted job 6 with external jobid '36280.hpcfe01'.
Waiting at most 120 seconds for missing files.
[Wed Aug 29 15:53:20 2018]
Finished job 9.
3 of 22 steps (14%) done
[Wed Aug 29 15:56:01 2018]
Finished job 6.
4 of 22 steps (18%) done
    [Wed Aug 29 15:57:31 2018]
    Error in rule align_spike:
        jobid: 18
        output: 02aln/E14-K27me3.bam, 02aln_dm6/E14-K27me3_dm6.bam
        log: 00log/E14-K27me3.align, 00log/E14-K27me3.dm_align, 00log/E14-K27me3.markdup
        cluster_jobid: 36279.hpcfe01

