Building DAG of jobs...
Using shell: /bin/bash
Provided cluster nodes: 999
Job counts:
	count	jobs
	2	GC_bias
	2	align
	1	all
	2	bam2bigwig
	2	call_peaks
	2	flagstat_bam
	1	multiQC
	2	peakAnnot
	2	phantom_peak_qual
	2	sortIndex_bam
	18

[Wed Aug 29 16:27:13 2018]
Job 20: Aligning fastq/E14-K27me3.fastq with parameters --chunkmbs 1024 -m 1 --best /hpcnfs/techunits/bioinformatics/db/bowtie/mm9/mm9

Submitted job 20 with external jobid '36287.hpcfe01'.

[Wed Aug 29 16:27:14 2018]
Job 18: Aligning fastq/E14-Ring1b.fastq with parameters --chunkmbs 1024 -m 1 --best /hpcnfs/techunits/bioinformatics/db/bowtie/mm9/mm9

Submitted job 18 with external jobid '36288.hpcfe01'.
